c:\github_archive\quadraticequation\quadraticequation\debug\quadraticequation.pch
c:\github_archive\quadraticequation\quadraticequation\debug\vc120.pdb
c:\github_archive\quadraticequation\quadraticequation\debug\quadraticequation.pchast
c:\github_archive\quadraticequation\quadraticequation\debug\stdafx.nativecodeanalysis.xml
c:\github_archive\quadraticequation\quadraticequation\debug\stdafx.obj
c:\github_archive\quadraticequation\quadraticequation\debug\quadraticequation.nativecodeanalysis.xml
c:\github_archive\quadraticequation\quadraticequation\debug\assemblyinfo.nativecodeanalysis.xml
c:\github_archive\quadraticequation\quadraticequation\debug\assemblyinfo.obj
c:\github_archive\quadraticequation\quadraticequation\debug\quadraticequation.obj
c:\github_archive\quadraticequation\quadraticequation\debug\.netframework,version=v4.5.assemblyattributes.nativecodeanalysis.xml
c:\github_archive\quadraticequation\quadraticequation\debug\.netframework,version=v4.5.assemblyattributes.obj
c:\github_archive\quadraticequation\debug\quadraticequation.exe
c:\github_archive\quadraticequation\debug\quadraticequation.pdb
c:\github_archive\quadraticequation\quadraticequation\debug\app.res
c:\github_archive\quadraticequation\quadraticequation\debug\quadraticequation.vcxprojresolveassemblyreference.cache
c:\github_archive\quadraticequation\quadraticequation\debug\nativecodeanalysis.read.1.tlog
c:\github_archive\quadraticequation\quadraticequation\debug\vc.nativecodeanalysis.all.xml
c:\github_archive\quadraticequation\debug\quadraticequation.exe.lastcodeanalysissucceeded
c:\github_archive\quadraticequation\quadraticequation\debug\quadrati.0fbae0f1.tlog\cl.command.1.tlog
c:\github_archive\quadraticequation\quadraticequation\debug\quadrati.0fbae0f1.tlog\cl.read.1.tlog
c:\github_archive\quadraticequation\quadraticequation\debug\quadrati.0fbae0f1.tlog\cl.write.1.tlog
c:\github_archive\quadraticequation\quadraticequation\debug\quadrati.0fbae0f1.tlog\link.command.1.tlog
c:\github_archive\quadraticequation\quadraticequation\debug\quadrati.0fbae0f1.tlog\link.read.1.tlog
c:\github_archive\quadraticequation\quadraticequation\debug\quadrati.0fbae0f1.tlog\link.write.1.tlog
c:\github_archive\quadraticequation\quadraticequation\debug\quadrati.0fbae0f1.tlog\metagen.read.1.tlog
c:\github_archive\quadraticequation\quadraticequation\debug\quadrati.0fbae0f1.tlog\metagen.write.1.tlog
c:\github_archive\quadraticequation\quadraticequation\debug\quadrati.0fbae0f1.tlog\rc.command.1.tlog
c:\github_archive\quadraticequation\quadraticequation\debug\quadrati.0fbae0f1.tlog\rc.read.1.tlog
c:\github_archive\quadraticequation\quadraticequation\debug\quadrati.0fbae0f1.tlog\rc.write.1.tlog
c:\github_archive\quadraticequation\quadraticequation\debug\quadrati.0fbae0f1.tlog\msxml6r.dll.bi
c:\github_archive\quadraticequation\quadraticequation\debug\quadrati.0fbae0f1.tlog\rsaenh.dll.bi
c:\github_archive\quadraticequation\quadraticequation\debug\quadrati.0fbae0f1.tlog\tzres.dll.bi
